{
  "RSpec": {
    "coverage": {
      "/home/surik3415/Desktop/ciber/github_repo_searcher/app/controllers/requests_controller.rb": {
        "lines": [
          null,
          null,
          1,
          1,
          null
        ]
      },
      "/home/surik3415/Desktop/ciber/github_repo_searcher/app/controllers/application_controller.rb": {
        "lines": [
          null,
          null,
          1,
          null
        ]
      },
      "/home/surik3415/Desktop/ciber/github_repo_searcher/app/graphql/types/query_type.rb": {
        "lines": [
          null,
          null,
          1,
          1,
          1,
          1,
          null,
          1,
          1,
          null,
          null,
          1,
          3,
          null,
          3,
          3,
          null,
          3,
          3,
          3,
          3,
          null,
          null,
          null
        ]
      },
      "/home/surik3415/Desktop/ciber/github_repo_searcher/app/graphql/types/base_object.rb": {
        "lines": [
          null,
          null,
          1,
          1,
          1,
          1,
          1,
          null,
          null
        ]
      },
      "/home/surik3415/Desktop/ciber/github_repo_searcher/app/graphql/types/base_edge.rb": {
        "lines": [
          null,
          null,
          1,
          1,
          null,
          1,
          null,
          null
        ]
      },
      "/home/surik3415/Desktop/ciber/github_repo_searcher/app/graphql/types/base_connection.rb": {
        "lines": [
          null,
          null,
          1,
          1,
          null,
          1,
          null,
          null
        ]
      },
      "/home/surik3415/Desktop/ciber/github_repo_searcher/app/graphql/types/base_field.rb": {
        "lines": [
          null,
          null,
          1,
          1,
          1,
          null,
          null
        ]
      },
      "/home/surik3415/Desktop/ciber/github_repo_searcher/app/graphql/types/base_argument.rb": {
        "lines": [
          null,
          null,
          1,
          1,
          null,
          null
        ]
      },
      "/home/surik3415/Desktop/ciber/github_repo_searcher/app/graphql/types/request_type.rb": {
        "lines": [
          null,
          null,
          1,
          1,
          1,
          1,
          null,
          null
        ]
      },
      "/home/surik3415/Desktop/ciber/github_repo_searcher/app/graphql/types/repo_owner_type.rb": {
        "lines": [
          null,
          null,
          1,
          1,
          1,
          null,
          null
        ]
      },
      "/home/surik3415/Desktop/ciber/github_repo_searcher/app/graphql/types/repos_container_type.rb": {
        "lines": [
          null,
          null,
          1,
          1,
          1,
          null,
          null
        ]
      },
      "/home/surik3415/Desktop/ciber/github_repo_searcher/app/graphql/types/repo_type.rb": {
        "lines": [
          null,
          null,
          1,
          1,
          1,
          1,
          null,
          null
        ]
      },
      "/home/surik3415/Desktop/ciber/github_repo_searcher/app/models/repo_owner.rb": {
        "lines": [
          null,
          null,
          1,
          1,
          1,
          null
        ]
      },
      "/home/surik3415/Desktop/ciber/github_repo_searcher/app/models/repo.rb": {
        "lines": [
          null,
          null,
          1,
          1,
          1,
          null
        ]
      },
      "/home/surik3415/Desktop/ciber/github_repo_searcher/app/models/repos_container.rb": {
        "lines": [
          null,
          null,
          1,
          1,
          1,
          null
        ]
      },
      "/home/surik3415/Desktop/ciber/github_repo_searcher/app/models/request.rb": {
        "lines": [
          null,
          null,
          1,
          1,
          1,
          null
        ]
      },
      "/home/surik3415/Desktop/ciber/github_repo_searcher/app/services/github_repo_info_service.rb": {
        "lines": [
          null,
          null,
          1,
          1,
          5,
          null,
          null,
          1,
          5,
          null,
          null,
          1,
          5,
          5,
          5,
          null,
          null,
          1,
          null,
          1,
          5,
          5,
          null,
          null,
          null,
          null,
          null,
          1,
          5,
          25,
          25,
          25,
          null,
          null,
          null,
          1,
          5,
          5,
          5,
          null,
          null
        ]
      },
      "/home/surik3415/Desktop/ciber/github_repo_searcher/app/services/github_user_info_service.rb": {
        "lines": [
          null,
          null,
          1,
          1,
          6,
          null,
          null,
          1,
          6,
          null,
          null,
          1,
          6,
          6,
          null,
          null,
          1,
          null,
          1,
          6,
          6,
          null,
          null,
          null,
          null,
          null,
          1,
          6,
          6,
          6,
          null,
          null
        ]
      },
      "/home/surik3415/Desktop/ciber/github_repo_searcher/app/graphql/types/mutation_type.rb": {
        "lines": [
          null,
          null,
          1,
          1,
          null,
          null
        ]
      }
    },
    "timestamp": 1701820863
  }
}
